<?xml version="1.0" encoding="utf-8"?><testsuites name="pytest tests"><testsuite name="pytest" errors="0" failures="2" skipped="0" tests="36" time="7.329" timestamp="2026-08-21T03:16:58.630919+00:00" hostname="agent-env-19993bba-222b-4086-a09d-ae61e63bd7de"><testcase classname="tests.backend_test.TestProducts" name="test_requires_auth" time="0.205" /><testcase classname="tests.backend_test.TestAuth" name="test_login_success_sets_httponly_cookies" time="0.459" /><testcase classname="tests.backend_test.TestAuth" name="test_login_wrong_password" time="0.363" /><testcase classname="tests.backend_test.TestProducts" name="test_seed_products_present" time="0.640" /><testcase classname="tests.backend_test.TestAuth" name="test_login_unknown_email" time="0.098" /><testcase classname="tests.backend_test.TestProducts" name="test_crud_product" time="0.716" /><testcase classname="tests.backend_test.TestAuth" name="test_me_requires_auth" time="0.120" /><testcase classname="tests.backend_test.TestAuth" name="test_me_with_cookie" time="0.399" /><testcase classname="tests.backend_test.TestAuth" name="test_refresh" time="0.085" /><testcase classname="tests.backend_test.TestAuth" name="test_logout_clears_session" time="0.596" /><testcase classname="tests.backend_test.TestProducts" name="test_update_missing_product_404" time="0.076" /><testcase classname="tests.backend_test.TestProducts" name="test_delete_missing_product" time="0.230"><failure message="AssertionError: expected 404 for missing product, got 200&#10;assert 200 == 404&#10; +  where 200 = &lt;Response [200]&gt;.status_code">E   AssertionError: expected 404 for missing product, got 200
    assert 200 == 404
     +  where 200 = &lt;Response [200]&gt;.status_code</failure></testcase><testcase classname="tests.backend_test.TestProducts" name="test_invalid_payload_422" time="0.119" /><testcase classname="tests.backend_test.TestAuth" name="test_bcrypt_hash_format" time="0.132" /><testcase classname="tests.backend_test.TestAuth" name="test_brute_force_lockout" time="1.929"><failure message="AssertionError: No lockout/rate-limit observed, codes=[401, 401, 401, 401, 401, 401]&#10;assert 429 in [401, 401, 401, 401, 401, 401]">E   AssertionError: No lockout/rate-limit observed, codes=[401, 401, 401, 401, 401, 401]
    assert 429 in [401, 401, 401, 401, 401, 401]</failure></testcase><testcase classname="tests.backend_test.TestTransactions" name="test_create_and_total_computed" time="0.749" /><testcase classname="tests.backend_test.TestTransactions" name="test_status_toggle" time="0.772" /><testcase classname="tests.backend_test.TestTransactions" name="test_invalid_status_400" time="0.079" /><testcase classname="tests.backend_test.TestTransactions" name="test_update_transaction" time="0.320" /><testcase classname="tests.backend_test.TestTransactions" name="test_filters" time="0.779" /><testcase classname="tests.backend_test.TestDashboard" name="test_stats_consistency" time="0.565" /><testcase classname="tests.backend_test.TestTransactions" name="test_delete_transaction" time="0.288" /><testcase classname="tests.backend_test.TestDashboard" name="test_rekap_monthly" time="0.138" /><testcase classname="tests.backend_test.TestDashboard" name="test_rekap_empty_month" time="0.067" /><testcase classname="tests.backend_test.TestDashboard" name="test_rekap_missing_params_422" time="0.065" /><testcase classname="tests.backend_test.TestDashboard" name="test_rekap_invalid_month" time="0.075" /><testcase classname="tests.backend_test.TestExport" name="test_export_excel" time="0.650" /><testcase classname="tests.backend_test.TestCustomers" name="test_list_customers" time="0.582" /><testcase classname="tests.backend_test.TestExport" name="test_export_excel_filtered" time="0.082" /><testcase classname="tests.backend_test.TestCustomers" name="test_crud_customer" time="0.448" /><testcase classname="tests.backend_test.TestExport" name="test_export_pdf" time="0.164" /><testcase classname="tests.backend_test.TestExport" name="test_export_pdf_filtered_empty" time="0.114" /><testcase classname="tests.backend_test.TestExport" name="test_export_requires_auth" time="0.259" /><testcase classname="tests.backend_test.TestCustomers" name="test_invalid_price_type_422" time="0.061" /><testcase classname="tests.backend_test.TestCustomers" name="test_update_missing_customer_404" time="0.061" /><testcase classname="tests.backend_test.TestCors" name="test_cors_credentials_explicit_origin" time="0.319" /></testsuite></testsuites>